{"C:\\Users\\dropw\\Dropbox\\ocbc\\assignment\\status.js": {"path":"C:\\Users\\dropw\\Dropbox\\ocbc\\assignment\\status.js","statementMap":{"0":{"start":{"line":1,"column":10},"end":{"line":3,"column":11}},"1":{"start":{"line":5,"column":10},"end":{"line":8,"column":1}},"2":{"start":{"line":10,"column":14},"end":{"line":10,"column":17}},"3":{"start":{"line":12,"column":0},"end":{"line":12,"column":36}}},"fnMap":{},"branchMap":{},"s":{"0":3,"1":3,"2":3,"3":3},"f":{},"b":{},"_coverageSchema":"1a1c01bbd47fc00a2c39e90264f33305004495a9","hash":"ebc3cb3a6a8f000328efdd2549bb052853d212e4"}
,"C:\\Users\\dropw\\Dropbox\\ocbc\\assignment\\functions\\loginClient.js": {"path":"C:\\Users\\dropw\\Dropbox\\ocbc\\assignment\\functions\\loginClient.js","statementMap":{"0":{"start":{"line":2,"column":15},"end":{"line":2,"column":35}},"1":{"start":{"line":4,"column":0},"end":{"line":4,"column":15}},"2":{"start":{"line":5,"column":0},"end":{"line":5,"column":17}},"3":{"start":{"line":6,"column":0},"end":{"line":6,"column":25}},"4":{"start":{"line":9,"column":4},"end":{"line":26,"column":5}},"5":{"start":{"line":10,"column":8},"end":{"line":10,"column":40}},"6":{"start":{"line":11,"column":8},"end":{"line":11,"column":52}},"7":{"start":{"line":12,"column":8},"end":{"line":18,"column":9}},"8":{"start":{"line":13,"column":12},"end":{"line":17,"column":13}},"9":{"start":{"line":14,"column":16},"end":{"line":14,"column":79}},"10":{"start":{"line":15,"column":19},"end":{"line":17,"column":13}},"11":{"start":{"line":16,"column":16},"end":{"line":16,"column":82}},"12":{"start":{"line":20,"column":18},"end":{"line":20,"column":36}},"13":{"start":{"line":21,"column":19},"end":{"line":21,"column":38}},"14":{"start":{"line":22,"column":8},"end":{"line":22,"column":31}},"15":{"start":{"line":23,"column":8},"end":{"line":23,"column":31}},"16":{"start":{"line":24,"column":8},"end":{"line":24,"column":40}},"17":{"start":{"line":25,"column":8},"end":{"line":25,"column":40}},"18":{"start":{"line":27,"column":4},"end":{"line":27,"column":20}},"19":{"start":{"line":28,"column":4},"end":{"line":28,"column":30}},"20":{"start":{"line":31,"column":0},"end":{"line":31,"column":41}}},"fnMap":{"0":{"name":"loginClient","decl":{"start":{"line":8,"column":9},"end":{"line":8,"column":20}},"loc":{"start":{"line":8,"column":30},"end":{"line":29,"column":3}},"line":8}},"branchMap":{"0":{"loc":{"start":{"line":9,"column":4},"end":{"line":26,"column":5}},"type":"if","locations":[{"start":{"line":9,"column":4},"end":{"line":26,"column":5}},{"start":{"line":9,"column":4},"end":{"line":26,"column":5}}],"line":9},"1":{"loc":{"start":{"line":13,"column":12},"end":{"line":17,"column":13}},"type":"if","locations":[{"start":{"line":13,"column":12},"end":{"line":17,"column":13}},{"start":{"line":13,"column":12},"end":{"line":17,"column":13}}],"line":13},"2":{"loc":{"start":{"line":15,"column":19},"end":{"line":17,"column":13}},"type":"if","locations":[{"start":{"line":15,"column":19},"end":{"line":17,"column":13}},{"start":{"line":15,"column":19},"end":{"line":17,"column":13}}],"line":15}},"s":{"0":1,"1":1,"2":1,"3":1,"4":2,"5":1,"6":1,"7":1,"8":0,"9":0,"10":0,"11":0,"12":1,"13":1,"14":1,"15":1,"16":1,"17":1,"18":2,"19":2,"20":1},"f":{"0":2},"b":{"0":[1,1],"1":[0,0],"2":[0,0]},"_coverageSchema":"1a1c01bbd47fc00a2c39e90264f33305004495a9","hash":"d7024637a2295da414339b8c9c7c06c2b2bf4932"}
,"C:\\Users\\dropw\\Dropbox\\ocbc\\assignment\\functions\\payClient.js": {"path":"C:\\Users\\dropw\\Dropbox\\ocbc\\assignment\\functions\\payClient.js","statementMap":{"0":{"start":{"line":1,"column":15},"end":{"line":1,"column":35}},"1":{"start":{"line":3,"column":0},"end":{"line":3,"column":15}},"2":{"start":{"line":4,"column":0},"end":{"line":4,"column":17}},"3":{"start":{"line":5,"column":0},"end":{"line":5,"column":25}},"4":{"start":{"line":8,"column":4},"end":{"line":38,"column":5}},"5":{"start":{"line":9,"column":8},"end":{"line":21,"column":9}},"6":{"start":{"line":10,"column":12},"end":{"line":10,"column":41}},"7":{"start":{"line":11,"column":12},"end":{"line":11,"column":41}},"8":{"start":{"line":12,"column":12},"end":{"line":12,"column":64}},"9":{"start":{"line":13,"column":12},"end":{"line":13,"column":72}},"10":{"start":{"line":15,"column":12},"end":{"line":15,"column":52}},"11":{"start":{"line":16,"column":12},"end":{"line":16,"column":49}},"12":{"start":{"line":17,"column":12},"end":{"line":17,"column":38}},"13":{"start":{"line":18,"column":12},"end":{"line":18,"column":38}},"14":{"start":{"line":19,"column":12},"end":{"line":19,"column":49}},"15":{"start":{"line":20,"column":12},"end":{"line":20,"column":76}},"16":{"start":{"line":23,"column":8},"end":{"line":37,"column":9}},"17":{"start":{"line":24,"column":12},"end":{"line":24,"column":33}},"18":{"start":{"line":25,"column":12},"end":{"line":25,"column":31}},"19":{"start":{"line":26,"column":12},"end":{"line":26,"column":64}},"20":{"start":{"line":28,"column":12},"end":{"line":28,"column":39}},"21":{"start":{"line":29,"column":12},"end":{"line":29,"column":36}},"22":{"start":{"line":30,"column":12},"end":{"line":30,"column":39}},"23":{"start":{"line":31,"column":22},"end":{"line":31,"column":41}},"24":{"start":{"line":32,"column":23},"end":{"line":32,"column":46}},"25":{"start":{"line":33,"column":12},"end":{"line":33,"column":44}},"26":{"start":{"line":34,"column":12},"end":{"line":34,"column":42}},"27":{"start":{"line":35,"column":12},"end":{"line":35,"column":69}},"28":{"start":{"line":36,"column":12},"end":{"line":36,"column":70}},"29":{"start":{"line":39,"column":4},"end":{"line":39,"column":55}},"30":{"start":{"line":40,"column":4},"end":{"line":40,"column":20}},"31":{"start":{"line":43,"column":0},"end":{"line":43,"column":37}}},"fnMap":{"0":{"name":"payClient","decl":{"start":{"line":7,"column":9},"end":{"line":7,"column":18}},"loc":{"start":{"line":7,"column":33},"end":{"line":41,"column":1}},"line":7}},"branchMap":{"0":{"loc":{"start":{"line":8,"column":4},"end":{"line":38,"column":5}},"type":"if","locations":[{"start":{"line":8,"column":4},"end":{"line":38,"column":5}},{"start":{"line":8,"column":4},"end":{"line":38,"column":5}}],"line":8},"1":{"loc":{"start":{"line":9,"column":8},"end":{"line":21,"column":9}},"type":"if","locations":[{"start":{"line":9,"column":8},"end":{"line":21,"column":9}},{"start":{"line":9,"column":8},"end":{"line":21,"column":9}}],"line":9},"2":{"loc":{"start":{"line":23,"column":8},"end":{"line":37,"column":9}},"type":"if","locations":[{"start":{"line":23,"column":8},"end":{"line":37,"column":9}},{"start":{"line":23,"column":8},"end":{"line":37,"column":9}}],"line":23}},"s":{"0":1,"1":1,"2":1,"3":1,"4":3,"5":1,"6":1,"7":1,"8":1,"9":1,"10":0,"11":0,"12":0,"13":0,"14":0,"15":0,"16":2,"17":1,"18":1,"19":1,"20":1,"21":1,"22":1,"23":1,"24":1,"25":1,"26":1,"27":1,"28":1,"29":3,"30":3,"31":1},"f":{"0":3},"b":{"0":[1,2],"1":[1,0],"2":[1,1]},"_coverageSchema":"1a1c01bbd47fc00a2c39e90264f33305004495a9","hash":"1fe7e2f1f88da5fd4fb5a1b976fbec8c763500b2"}
,"C:\\Users\\dropw\\Dropbox\\ocbc\\assignment\\functions\\splitCommand.js": {"path":"C:\\Users\\dropw\\Dropbox\\ocbc\\assignment\\functions\\splitCommand.js","statementMap":{"0":{"start":{"line":2,"column":17},"end":{"line":2,"column":33}},"1":{"start":{"line":4,"column":4},"end":{"line":4,"column":17}},"2":{"start":{"line":7,"column":0},"end":{"line":7,"column":43}}},"fnMap":{"0":{"name":"splitCommand","decl":{"start":{"line":1,"column":9},"end":{"line":1,"column":21}},"loc":{"start":{"line":1,"column":30},"end":{"line":5,"column":1}},"line":1}},"branchMap":{},"s":{"0":1,"1":1,"2":1},"f":{"0":1},"b":{},"_coverageSchema":"1a1c01bbd47fc00a2c39e90264f33305004495a9","hash":"8c0aa9a70234667bab3f0acdfb42d0adca3a32ec"}
,"C:\\Users\\dropw\\Dropbox\\ocbc\\assignment\\functions\\topupClient.js": {"path":"C:\\Users\\dropw\\Dropbox\\ocbc\\assignment\\functions\\topupClient.js","statementMap":{"0":{"start":{"line":1,"column":15},"end":{"line":1,"column":35}},"1":{"start":{"line":3,"column":0},"end":{"line":3,"column":15}},"2":{"start":{"line":4,"column":0},"end":{"line":4,"column":17}},"3":{"start":{"line":5,"column":0},"end":{"line":5,"column":25}},"4":{"start":{"line":8,"column":4},"end":{"line":8,"column":13}},"5":{"start":{"line":9,"column":4},"end":{"line":27,"column":5}},"6":{"start":{"line":10,"column":8},"end":{"line":26,"column":9}},"7":{"start":{"line":11,"column":12},"end":{"line":25,"column":15}},"8":{"start":{"line":12,"column":16},"end":{"line":12,"column":80}},"9":{"start":{"line":13,"column":16},"end":{"line":13,"column":46}},"10":{"start":{"line":14,"column":16},"end":{"line":14,"column":39}},"11":{"start":{"line":15,"column":16},"end":{"line":15,"column":32}},"12":{"start":{"line":16,"column":16},"end":{"line":16,"column":42}},"13":{"start":{"line":17,"column":16},"end":{"line":17,"column":42}},"14":{"start":{"line":19,"column":17},"end":{"line":19,"column":30}},"15":{"start":{"line":20,"column":17},"end":{"line":20,"column":64}},"16":{"start":{"line":21,"column":17},"end":{"line":21,"column":40}},"17":{"start":{"line":22,"column":17},"end":{"line":22,"column":40}},"18":{"start":{"line":23,"column":17},"end":{"line":23,"column":75}},"19":{"start":{"line":24,"column":17},"end":{"line":24,"column":23}},"20":{"start":{"line":28,"column":4},"end":{"line":28,"column":19}},"21":{"start":{"line":29,"column":4},"end":{"line":29,"column":55}},"22":{"start":{"line":30,"column":4},"end":{"line":30,"column":21}},"23":{"start":{"line":33,"column":0},"end":{"line":33,"column":41}}},"fnMap":{"0":{"name":"topupClient","decl":{"start":{"line":7,"column":9},"end":{"line":7,"column":20}},"loc":{"start":{"line":7,"column":29},"end":{"line":31,"column":1}},"line":7}},"branchMap":{"0":{"loc":{"start":{"line":10,"column":8},"end":{"line":26,"column":9}},"type":"if","locations":[{"start":{"line":10,"column":8},"end":{"line":26,"column":9}},{"start":{"line":10,"column":8},"end":{"line":26,"column":9}}],"line":10},"1":{"loc":{"start":{"line":11,"column":12},"end":{"line":25,"column":15}},"type":"if","locations":[{"start":{"line":11,"column":12},"end":{"line":25,"column":15}},{"start":{"line":11,"column":12},"end":{"line":25,"column":15}}],"line":11}},"s":{"0":1,"1":1,"2":1,"3":1,"4":3,"5":3,"6":2,"7":2,"8":1,"9":1,"10":1,"11":1,"12":1,"13":1,"14":1,"15":1,"16":1,"17":1,"18":1,"19":1,"20":3,"21":3,"22":3,"23":1},"f":{"0":3},"b":{"0":[2,0],"1":[1,1]},"_coverageSchema":"1a1c01bbd47fc00a2c39e90264f33305004495a9","hash":"eddb8f1d8abb098d92bcaf50e7f474627a3a2982"}
}
