TN:
SF:status.js
FNF:0
FNH:0
DA:1,3
DA:5,3
DA:10,3
DA:12,3
LF:4
LH:4
BRF:0
BRH:0
end_of_record
TN:
SF:functions\loginClient.js
FN:8,loginClient
FNF:1
FNH:1
FNDA:2,loginClient
DA:2,1
DA:4,1
DA:5,1
DA:6,1
DA:9,2
DA:10,1
DA:11,1
DA:12,1
DA:13,0
DA:14,0
DA:15,0
DA:16,0
DA:20,1
DA:21,1
DA:22,1
DA:23,1
DA:24,1
DA:25,1
DA:27,2
DA:28,2
DA:31,1
LF:21
LH:17
BRDA:9,0,0,1
BRDA:9,0,1,1
BRDA:13,1,0,0
BRDA:13,1,1,0
BRDA:15,2,0,0
BRDA:15,2,1,0
BRF:6
BRH:2
end_of_record
TN:
SF:functions\payClient.js
FN:7,payClient
FNF:1
FNH:1
FNDA:3,payClient
DA:1,1
DA:3,1
DA:4,1
DA:5,1
DA:8,3
DA:9,1
DA:10,1
DA:11,1
DA:12,1
DA:13,1
DA:15,0
DA:16,0
DA:17,0
DA:18,0
DA:19,0
DA:20,0
DA:23,2
DA:24,1
DA:25,1
DA:26,1
DA:28,1
DA:29,1
DA:30,1
DA:31,1
DA:32,1
DA:33,1
DA:34,1
DA:35,1
DA:36,1
DA:39,3
DA:40,3
DA:43,1
LF:32
LH:26
BRDA:8,0,0,1
BRDA:8,0,1,2
BRDA:9,1,0,1
BRDA:9,1,1,0
BRDA:23,2,0,1
BRDA:23,2,1,1
BRF:6
BRH:5
end_of_record
TN:
SF:functions\splitCommand.js
FN:1,splitCommand
FNF:1
FNH:1
FNDA:1,splitCommand
DA:2,1
DA:4,1
DA:7,1
LF:3
LH:3
BRF:0
BRH:0
end_of_record
TN:
SF:functions\topupClient.js
FN:7,topupClient
FNF:1
FNH:1
FNDA:3,topupClient
DA:1,1
DA:3,1
DA:4,1
DA:5,1
DA:8,3
DA:9,3
DA:10,2
DA:11,2
DA:12,1
DA:13,1
DA:14,1
DA:15,1
DA:16,1
DA:17,1
DA:19,1
DA:20,1
DA:21,1
DA:22,1
DA:23,1
DA:24,1
DA:28,3
DA:29,3
DA:30,3
DA:33,1
LF:24
LH:24
BRDA:10,0,0,2
BRDA:10,0,1,0
BRDA:11,1,0,1
BRDA:11,1,1,1
BRF:4
BRH:3
end_of_record
